2025-12-23 16:47:45,510 [INFO] Sync Audit: Ecobici data consumed successfully.
2025-12-23 16:47:46,280 [INFO] Sync Audit: C5 Incidents ingested successfully.
2025-12-23 17:16:43,715 [INFO] Sync Audit: Ecobici data consumed successfully.
2025-12-23 17:16:44,493 [INFO] Sync Audit: C5 Incidents ingested successfully.
2025-12-23 17:26:05,668 [INFO] Sync Audit: Ecobici data consumed successfully.
2025-12-23 17:26:06,605 [INFO] Sync Audit: C5 Incidents ingested successfully.
2025-12-23 18:22:53,634 [INFO] Sync Audit: Ecobici data consumed successfully.
2025-12-23 18:23:08,951 [INFO] Sync Audit: C5 Incidents ingested successfully.
2025-12-23 18:25:28,368 [INFO] Sync Audit: Ecobici data consumed successfully.
2025-12-23 18:25:29,086 [INFO] Sync Audit: C5 Incidents ingested successfully.
2025-12-23 19:02:59,323 [INFO] Sync Audit: Ecobici data consumed successfully.
2025-12-23 19:03:00,231 [INFO] Sync Audit: C5 Incidents ingested successfully.
2025-12-23 20:01:52,380 [INFO] Sync Audit: Ecobici data consumed successfully.
2025-12-23 20:01:53,269 [INFO] Sync Audit: C5 Incidents ingested successfully.
2025-12-23 20:11:43,451 [WARNING] email-validator not installed, email fields will be treated as str.
To install, run: pip install email-validator
2025-12-23 20:43:31,582 [INFO] MISSION INITIATED: From BJ-Q21 to BJ-Q43 [Coordinates Anonymized]
2025-12-23 20:48:29,276 [INFO] MISSION INITIATED: From BJ-Q21 to BJ-Q43 [Coordinates Anonymized]
2025-12-23 22:09:17,897 [INFO] MISSION INITIATED: From BJ-Q21 to BJ-Q43 [Coordinates Anonymized]
2025-12-23 22:09:21,714 [INFO] MISSION INITIATED: From BJ-Q21 to BJ-Q43 [Coordinates Anonymized]
2025-12-23 22:09:26,167 [INFO] MISSION INITIATED: From BJ-Q21 to BJ-Q43 [Coordinates Anonymized]
2025-12-23 22:09:30,741 [INFO] MISSION INITIATED: From BJ-Q21 to BJ-Q43 [Coordinates Anonymized]
2025-12-23 22:09:34,765 [INFO] MISSION INITIATED: From BJ-Q21 to BJ-Q43 [Coordinates Anonymized]
2025-12-23 22:09:38,499 [INFO] MISSION INITIATED: From BJ-Q21 to BJ-Q43 [Coordinates Anonymized]
2025-12-23 22:09:43,023 [INFO] MISSION INITIATED: From BJ-Q21 to BJ-Q43 [Coordinates Anonymized]
2025-12-23 22:09:49,333 [INFO] MISSION INITIATED: From BJ-Q21 to BJ-Q43 [Coordinates Anonymized]
2025-12-23 22:09:53,201 [INFO] MISSION INITIATED: From BJ-Q21 to BJ-Q43 [Coordinates Anonymized]
2025-12-23 22:09:56,948 [INFO] MISSION INITIATED: From BJ-Q21 to BJ-Q43 [Coordinates Anonymized]
2025-12-23 22:10:00,800 [INFO] MISSION INITIATED: From BJ-Q21 to BJ-Q43 [Coordinates Anonymized]
2025-12-23 22:10:04,584 [INFO] MISSION INITIATED: From BJ-Q21 to BJ-Q43 [Coordinates Anonymized]
2025-12-23 22:10:08,567 [INFO] MISSION INITIATED: From BJ-Q21 to BJ-Q43 [Coordinates Anonymized]
2025-12-23 22:10:12,643 [INFO] MISSION INITIATED: From BJ-Q21 to BJ-Q43 [Coordinates Anonymized]
2025-12-23 22:10:16,458 [INFO] MISSION INITIATED: From BJ-Q21 to BJ-Q43 [Coordinates Anonymized]
2025-12-23 22:10:20,437 [INFO] MISSION INITIATED: From BJ-Q21 to BJ-Q43 [Coordinates Anonymized]
2025-12-23 22:10:24,508 [INFO] MISSION INITIATED: From BJ-Q21 to BJ-Q43 [Coordinates Anonymized]
2025-12-23 22:10:28,262 [INFO] MISSION INITIATED: From BJ-Q21 to BJ-Q43 [Coordinates Anonymized]
2025-12-23 22:10:32,287 [INFO] MISSION INITIATED: From BJ-Q21 to BJ-Q43 [Coordinates Anonymized]
2025-12-23 22:10:36,487 [INFO] MISSION INITIATED: From BJ-Q21 to BJ-Q43 [Coordinates Anonymized]
2025-12-23 22:10:40,243 [INFO] MISSION INITIATED: From BJ-Q21 to BJ-Q43 [Coordinates Anonymized]
2025-12-23 22:10:44,010 [INFO] MISSION INITIATED: From BJ-Q21 to BJ-Q43 [Coordinates Anonymized]
2025-12-23 22:11:51,672 [INFO] Sync Audit: Ecobici data consumed successfully.
2025-12-23 22:11:54,943 [WARNING] Sync Audit: C5 API Timeout (3s). Circuit Breaker engaged.
2025-12-23 22:12:19,935 [INFO] MISSION INITIATED: From BJ-Q11 to BJ-Q43 [Coordinates Anonymized]
2025-12-23 22:12:24,572 [INFO] MISSION INITIATED: From BJ-Q11 to BJ-Q43 [Coordinates Anonymized]
2025-12-23 22:14:29,089 [INFO] MISSION INITIATED: From BJ-Q11 to BJ-Q43 [Coordinates Anonymized]
2025-12-23 22:19:06,459 [INFO] Sync Audit: Ecobici data consumed successfully.
2025-12-23 22:19:07,229 [INFO] Sync Audit: C5 Incidents ingested successfully.
2025-12-23 22:19:37,230 [INFO] MISSION INITIATED: From BJ-Q11 to BJ-Q43 [Coordinates Anonymized]
2025-12-23 22:19:38,160 [INFO] MISSION INITIATED: From BJ-Q11 to BJ-Q43 [Coordinates Anonymized]
2025-12-23 22:19:41,070 [INFO] MISSION INITIATED: From BJ-Q11 to BJ-Q43 [Coordinates Anonymized]
2025-12-23 22:19:46,252 [INFO] MISSION INITIATED: From BJ-Q11 to BJ-Q43 [Coordinates Anonymized]
2025-12-23 22:19:47,515 [INFO] MISSION INITIATED: From BJ-Q11 to BJ-Q43 [Coordinates Anonymized]
2025-12-23 22:21:21,554 [ERROR] Geocode Error for Direccion Inventada 12345: Nominatim could not geocode query 'Direccion Inventada 12345'.. Falling back to WTC CDMX.
2025-12-23 22:21:41,641 [ERROR] Task exception was never retrieved
future: <Task finished name='Task-627' coro=<WebSocketProtocol13.write_message.<locals>.wrapper() done, defined at /Users/luisalbertosandovalramos/Desktop/UrbanGraph-Engine/venv/lib/python3.13/site-packages/tornado/websocket.py:1111> exception=WebSocketClosedError()>
Traceback (most recent call last):
  File "/Users/luisalbertosandovalramos/Desktop/UrbanGraph-Engine/venv/lib/python3.13/site-packages/tornado/websocket.py", line 1113, in wrapper
    await fut
tornado.iostream.StreamClosedError: Stream is closed

During handling of the above exception, another exception occurred:

Traceback (most recent call last):
  File "/Users/luisalbertosandovalramos/Desktop/UrbanGraph-Engine/venv/lib/python3.13/site-packages/tornado/websocket.py", line 1115, in wrapper
    raise WebSocketClosedError()
tornado.websocket.WebSocketClosedError
2025-12-23 22:22:06,954 [INFO] MISSION INITIATED: From BJ-Q11 to BJ-Q43 [Coordinates Anonymized]
2025-12-23 22:22:12,106 [INFO] MISSION INITIATED: From BJ-Q11 to BJ-Q43 [Coordinates Anonymized]
2025-12-23 22:22:35,427 [INFO] MISSION INITIATED: From BJ-Q11 to BJ-Q43 [Coordinates Anonymized]
2025-12-23 22:22:48,491 [ERROR] Geocode Error for Atlantis, Ciudad de Mexico, CDMX: Nominatim could not geocode query 'Atlantis, Ciudad de Mexico, CDMX'.. Falling back to WTC CDMX.
2025-12-23 22:28:03,745 [INFO] Sync Audit: Ecobici data consumed successfully.
2025-12-23 22:28:04,540 [INFO] Sync Audit: C5 Incidents ingested successfully.
2025-12-23 22:28:39,243 [INFO] MISSION INITIATED: From BJ-Q11 to BJ-Q43 [Coordinates Anonymized]
2025-12-23 22:29:52,769 [INFO] Sync Audit: Ecobici data consumed successfully.
2025-12-23 22:29:53,553 [INFO] Sync Audit: C5 Incidents ingested successfully.
2025-12-23 22:30:04,160 [INFO] MISSION INITIATED: From BJ-Q11 to BJ-Q43 [Coordinates Anonymized]
2025-12-23 22:30:15,925 [INFO] MISSION INITIATED: From BJ-Q11 to BJ-Q43 [Coordinates Anonymized]
2025-12-23 22:30:18,390 [INFO] MISSION INITIATED: From BJ-Q11 to BJ-Q43 [Coordinates Anonymized]
2025-12-23 22:30:20,812 [INFO] MISSION INITIATED: From BJ-Q11 to BJ-Q43 [Coordinates Anonymized]
2025-12-23 22:30:22,666 [INFO] MISSION INITIATED: From BJ-Q11 to BJ-Q43 [Coordinates Anonymized]
2025-12-23 22:30:23,559 [INFO] MISSION INITIATED: From BJ-Q01 to BJ-Q21 [Coordinates Anonymized]
2025-12-23 22:30:36,769 [INFO] MISSION INITIATED: From BJ-Q01 to BJ-Q21 [Coordinates Anonymized]
2025-12-23 22:30:38,209 [INFO] MISSION INITIATED: From BJ-Q01 to BJ-Q21 [Coordinates Anonymized]
2025-12-23 22:30:39,011 [INFO] MISSION INITIATED: From BJ-Q20 to BJ-Q21 [Coordinates Anonymized]
2025-12-23 22:30:47,174 [INFO] MISSION INITIATED: From BJ-Q20 to BJ-Q21 [Coordinates Anonymized]
2025-12-23 22:30:48,512 [INFO] MISSION INITIATED: From BJ-Q20 to BJ-Q21 [Coordinates Anonymized]
2025-12-23 22:30:49,288 [INFO] MISSION INITIATED: From BJ-Q20 to BJ-Q21 [Coordinates Anonymized]
2025-12-23 22:30:56,826 [INFO] MISSION INITIATED: From BJ-Q20 to BJ-Q21 [Coordinates Anonymized]
2025-12-23 22:30:58,226 [INFO] MISSION INITIATED: From BJ-Q20 to BJ-Q21 [Coordinates Anonymized]
2025-12-23 22:30:59,001 [INFO] MISSION INITIATED: From BJ-Q20 to BJ-Q11 [Coordinates Anonymized]
2025-12-23 22:31:08,341 [INFO] MISSION INITIATED: From BJ-Q20 to BJ-Q11 [Coordinates Anonymized]
2025-12-23 22:31:09,743 [INFO] MISSION INITIATED: From BJ-Q20 to BJ-Q11 [Coordinates Anonymized]
2025-12-23 22:31:10,526 [INFO] MISSION INITIATED: From BJ-Q20 to BJ-Q11 [Coordinates Anonymized]
2025-12-23 22:31:17,639 [INFO] MISSION INITIATED: From BJ-Q20 to BJ-Q11 [Coordinates Anonymized]
2025-12-23 22:31:19,022 [INFO] MISSION INITIATED: From BJ-Q20 to BJ-Q11 [Coordinates Anonymized]
2025-12-23 22:31:19,814 [INFO] MISSION INITIATED: From BJ-Q20 to BJ-Q11 [Coordinates Anonymized]
2025-12-23 22:31:26,255 [INFO] MISSION INITIATED: From BJ-Q20 to BJ-Q11 [Coordinates Anonymized]
2025-12-23 22:31:27,593 [INFO] MISSION INITIATED: From BJ-Q20 to BJ-Q11 [Coordinates Anonymized]
2025-12-23 22:31:28,375 [INFO] MISSION INITIATED: From BJ-Q20 to BJ-Q11 [Coordinates Anonymized]
2025-12-23 22:31:29,143 [INFO] MISSION INITIATED: From BJ-Q20 to BJ-Q11 [Coordinates Anonymized]
2025-12-23 22:31:29,917 [INFO] MISSION INITIATED: From BJ-Q20 to BJ-Q11 [Coordinates Anonymized]
2025-12-23 23:17:59,510 [INFO] MISSION INITIATED: From BJ-Q31 to BJ-Q21 [Coordinates Anonymized]
2025-12-23 23:33:21,978 [INFO] Sync Audit: Ecobici data consumed successfully.
2025-12-23 23:33:23,173 [INFO] Sync Audit: C5 Incidents ingested successfully.
2025-12-23 23:33:28,612 [INFO] Mapa no encontrado. Descargando de OpenStreetMap...
2025-12-23 23:33:32,895 [INFO] Mapa guardado con éxito como: benito_juarez_seguro.graphml
2025-12-23 23:33:33,149 [INFO] MISSION INITIATED: From BJ-Q01 to BJ-Q43 [Coordinates Anonymized]
2025-12-23 23:34:26,553 [INFO] Sync Audit: Ecobici data consumed successfully.
2025-12-23 23:34:27,288 [INFO] Sync Audit: C5 Incidents ingested successfully.
2025-12-23 23:34:36,900 [INFO] Cargando mapa desde caché: benito_juarez_seguro.graphml
2025-12-23 23:34:37,798 [INFO] MISSION INITIATED: From BJ-Q11 to BJ-Q43 [Coordinates Anonymized]
2025-12-23 23:35:05,400 [INFO] MISSION INITIATED: From BJ-Q11 to BJ-Q43 [Coordinates Anonymized]
2025-12-23 23:35:08,975 [INFO] MISSION INITIATED: From BJ-Q11 to BJ-Q43 [Coordinates Anonymized]
2025-12-23 23:35:09,826 [INFO] MISSION INITIATED: From BJ-Q11 to BJ-Q43 [Coordinates Anonymized]
2025-12-23 23:35:10,655 [INFO] MISSION INITIATED: From BJ-Q21 to BJ-Q43 [Coordinates Anonymized]
2025-12-23 23:36:00,157 [INFO] MISSION INITIATED: From BJ-Q21 to BJ-Q43 [Coordinates Anonymized]
2025-12-23 23:36:01,072 [INFO] MISSION INITIATED: From BJ-Q21 to BJ-Q43 [Coordinates Anonymized]
2025-12-23 23:36:09,147 [INFO] MISSION INITIATED: From BJ-Q21 to BJ-Q43 [Coordinates Anonymized]
2025-12-23 23:36:11,479 [INFO] MISSION INITIATED: From BJ-Q21 to BJ-Q43 [Coordinates Anonymized]
2025-12-23 23:36:13,079 [INFO] MISSION INITIATED: From BJ-Q21 to BJ-Q43 [Coordinates Anonymized]
2025-12-23 23:36:13,910 [INFO] MISSION INITIATED: From BJ-Q43 to BJ-Q11 [Coordinates Anonymized]
2025-12-23 23:36:14,598 [INFO] MISSION INITIATED: From BJ-Q43 to BJ-Q11 [Coordinates Anonymized]
2025-12-23 23:36:15,396 [INFO] MISSION INITIATED: From BJ-Q43 to BJ-Q11 [Coordinates Anonymized]
2025-12-23 23:36:23,599 [INFO] MISSION INITIATED: From BJ-Q43 to BJ-Q11 [Coordinates Anonymized]
2025-12-23 23:36:25,193 [INFO] MISSION INITIATED: From BJ-Q43 to BJ-Q11 [Coordinates Anonymized]
2025-12-23 23:36:26,072 [INFO] MISSION INITIATED: From BJ-Q43 to BJ-Q11 [Coordinates Anonymized]
2025-12-23 23:38:43,498 [INFO] MISSION INITIATED: From BJ-Q43 to BJ-Q11 [Coordinates Anonymized]
2025-12-23 23:38:44,373 [INFO] MISSION INITIATED: From BJ-Q43 to BJ-Q11 [Coordinates Anonymized]
2025-12-23 23:38:49,455 [INFO] MISSION INITIATED: From BJ-Q43 to BJ-Q11 [Coordinates Anonymized]
2025-12-23 23:38:50,847 [INFO] MISSION INITIATED: From BJ-Q43 to BJ-Q11 [Coordinates Anonymized]
2025-12-23 23:38:51,711 [INFO] MISSION INITIATED: From BJ-Q21 to BJ-Q11 [Coordinates Anonymized]
2025-12-23 23:38:52,962 [INFO] MISSION INITIATED: From BJ-Q21 to BJ-Q11 [Coordinates Anonymized]
2025-12-23 23:39:01,432 [INFO] MISSION INITIATED: From BJ-Q21 to BJ-Q11 [Coordinates Anonymized]
2025-12-23 23:39:03,440 [INFO] MISSION INITIATED: From BJ-Q21 to BJ-Q11 [Coordinates Anonymized]
2025-12-23 23:39:12,453 [INFO] MISSION INITIATED: From BJ-Q21 to BJ-Q11 [Coordinates Anonymized]
2025-12-23 23:39:36,747 [INFO] Sync Audit: Ecobici data consumed successfully.
2025-12-23 23:39:37,439 [INFO] Sync Audit: C5 Incidents ingested successfully.
2025-12-23 23:39:37,633 [INFO] MISSION INITIATED: From BJ-Q21 to BJ-Q11 [Coordinates Anonymized]
2025-12-23 23:39:42,431 [INFO] MISSION INITIATED: From BJ-Q21 to BJ-Q11 [Coordinates Anonymized]
2025-12-23 23:39:43,546 [INFO] MISSION INITIATED: From BJ-Q21 to BJ-Q11 [Coordinates Anonymized]
2025-12-23 23:39:45,792 [INFO] MISSION INITIATED: From BJ-Q34 to BJ-Q43 [Coordinates Anonymized]
2025-12-25 16:05:53,752 [INFO] Enterprise Graph loaded successfully.
2025-12-25 16:05:57,971 [INFO] Sync Audit: Ecobici data consumed successfully.
2025-12-25 16:06:01,164 [WARNING] Sync Audit: C5 API Timeout (3s). Circuit Breaker engaged.
2025-12-25 16:06:01,164 [INFO] MISSION INITIATED: From BJ-Q31 to BJ-Q13 [Enterprise Mode]
2025-12-25 16:06:01,852 [ERROR] Analysis failed: name 'hits_relampago' is not defined
2025-12-25 16:06:01,854 [INFO] HTTP Request: POST http://testserver/api/v1/analyze "HTTP/1.1 500 Internal Server Error"
2025-12-25 16:06:33,947 [INFO] Enterprise Graph loaded successfully.
2025-12-25 16:06:34,264 [INFO] Sync Audit: Ecobici data consumed successfully.
2025-12-25 16:06:34,956 [INFO] Sync Audit: C5 Incidents ingested successfully.
2025-12-25 16:06:34,960 [INFO] MISSION INITIATED: From BJ-Q31 to BJ-Q13 [Enterprise Mode]
2025-12-25 16:06:35,762 [INFO] HTTP Request: POST http://testserver/api/v1/analyze "HTTP/1.1 200 OK"
2025-12-25 16:11:24,172 [INFO] MISSION INITIATED: From EXT-QUAD to EXT-QUAD [Enterprise Mode]
2025-12-25 16:11:24,613 [INFO] MISSION INITIATED: From EXT-QUAD to EXT-QUAD [Enterprise Mode]
